<?xml version="1.0" encoding="UTF-8"?>
<testsuite xmlns:xsi="http://www.w3.org/2001/XMLSchema-instance" xsi:noNamespaceSchemaLocation="https://maven.apache.org/surefire/maven-surefire-plugin/xsd/surefire-test-report.xsd" version="3.0.2" name="com.food.delivery.FoodiesApiApplicationTests" time="1.966" tests="1" errors="0" skipped="0" failures="0">
  <properties>
    <property name="java.specification.version" value="23"/>
    <property name="sun.jnu.encoding" value="UTF-8"/>
    <property name="java.class.path" value="/Users/envotionsmacbookpro/Documents/Notes/Food-Delivery-API/foodies-api/target/test-classes:/Users/envotionsmacbookpro/Documents/Notes/Food-Delivery-API/foodies-api/target/classes:/Users/envotionsmacbookpro/.m2/repository/org/springframework/boot/spring-boot-starter-actuator/3.4.3/spring-boot-starter-actuator-3.4.3.jar:/Users/envotionsmacbookpro/.m2/repository/org/springframework/boot/spring-boot-starter/3.4.3/spring-boot-starter-3.4.3.jar:/Users/envotionsmacbookpro/.m2/repository/org/springframework/boot/spring-boot-starter-logging/3.4.3/spring-boot-starter-logging-3.4.3.jar:/Users/envotionsmacbookpro/.m2/repository/ch/qos/logback/logback-classic/1.5.16/logback-classic-1.5.16.jar:/Users/envotionsmacbookpro/.m2/repository/ch/qos/logback/logback-core/1.5.16/logback-core-1.5.16.jar:/Users/envotionsmacbookpro/.m2/repository/org/apache/logging/log4j/log4j-to-slf4j/2.24.3/log4j-to-slf4j-2.24.3.jar:/Users/envotionsmacbookpro/.m2/repository/org/apache/logging/log4j/log4j-api/2.24.3/log4j-api-2.24.3.jar:/Users/envotionsmacbookpro/.m2/repository/org/slf4j/jul-to-slf4j/2.0.16/jul-to-slf4j-2.0.16.jar:/Users/envotionsmacbookpro/.m2/repository/jakarta/annotation/jakarta.annotation-api/2.1.1/jakarta.annotation-api-2.1.1.jar:/Users/envotionsmacbookpro/.m2/repository/org/yaml/snakeyaml/2.3/snakeyaml-2.3.jar:/Users/envotionsmacbookpro/.m2/repository/org/springframework/boot/spring-boot-actuator-autoconfigure/3.4.3/spring-boot-actuator-autoconfigure-3.4.3.jar:/Users/envotionsmacbookpro/.m2/repository/org/springframework/boot/spring-boot-actuator/3.4.3/spring-boot-actuator-3.4.3.jar:/Users/envotionsmacbookpro/.m2/repository/com/fasterxml/jackson/core/jackson-databind/2.18.2/jackson-databind-2.18.2.jar:/Users/envotionsmacbookpro/.m2/repository/com/fasterxml/jackson/core/jackson-annotations/2.18.2/jackson-annotations-2.18.2.jar:/Users/envotionsmacbookpro/.m2/repository/com/fasterxml/jackson/core/jackson-core/2.18.2/jackson-core-2.18.2.jar:/Users/envotionsmacbookpro/.m2/repository/com/fasterxml/jackson/datatype/jackson-datatype-jsr310/2.18.2/jackson-datatype-jsr310-2.18.2.jar:/Users/envotionsmacbookpro/.m2/repository/io/micrometer/micrometer-observation/1.14.4/micrometer-observation-1.14.4.jar:/Users/envotionsmacbookpro/.m2/repository/io/micrometer/micrometer-commons/1.14.4/micrometer-commons-1.14.4.jar:/Users/envotionsmacbookpro/.m2/repository/io/micrometer/micrometer-jakarta9/1.14.4/micrometer-jakarta9-1.14.4.jar:/Users/envotionsmacbookpro/.m2/repository/io/micrometer/micrometer-core/1.14.4/micrometer-core-1.14.4.jar:/Users/envotionsmacbookpro/.m2/repository/org/hdrhistogram/HdrHistogram/2.2.2/HdrHistogram-2.2.2.jar:/Users/envotionsmacbookpro/.m2/repository/org/latencyutils/LatencyUtils/2.0.3/LatencyUtils-2.0.3.jar:/Users/envotionsmacbookpro/.m2/repository/org/springframework/boot/spring-boot-starter-data-mongodb/3.4.3/spring-boot-starter-data-mongodb-3.4.3.jar:/Users/envotionsmacbookpro/.m2/repository/org/mongodb/mongodb-driver-sync/5.2.1/mongodb-driver-sync-5.2.1.jar:/Users/envotionsmacbookpro/.m2/repository/org/mongodb/bson/5.2.1/bson-5.2.1.jar:/Users/envotionsmacbookpro/.m2/repository/org/mongodb/mongodb-driver-core/5.2.1/mongodb-driver-core-5.2.1.jar:/Users/envotionsmacbookpro/.m2/repository/org/mongodb/bson-record-codec/5.2.1/bson-record-codec-5.2.1.jar:/Users/envotionsmacbookpro/.m2/repository/org/springframework/data/spring-data-mongodb/4.4.3/spring-data-mongodb-4.4.3.jar:/Users/envotionsmacbookpro/.m2/repository/org/springframework/spring-tx/6.2.3/spring-tx-6.2.3.jar:/Users/envotionsmacbookpro/.m2/repository/org/springframework/spring-context/6.2.3/spring-context-6.2.3.jar:/Users/envotionsmacbookpro/.m2/repository/org/springframework/spring-beans/6.2.3/spring-beans-6.2.3.jar:/Users/envotionsmacbookpro/.m2/repository/org/springframework/spring-expression/6.2.3/spring-expression-6.2.3.jar:/Users/envotionsmacbookpro/.m2/repository/org/springframework/data/spring-data-commons/3.4.3/spring-data-commons-3.4.3.jar:/Users/envotionsmacbookpro/.m2/repository/org/slf4j/slf4j-api/2.0.16/slf4j-api-2.0.16.jar:/Users/envotionsmacbookpro/.m2/repository/org/springframework/boot/spring-boot-starter-validation/3.4.3/spring-boot-starter-validation-3.4.3.jar:/Users/envotionsmacbookpro/.m2/repository/org/apache/tomcat/embed/tomcat-embed-el/10.1.36/tomcat-embed-el-10.1.36.jar:/Users/envotionsmacbookpro/.m2/repository/org/hibernate/validator/hibernate-validator/8.0.2.Final/hibernate-validator-8.0.2.Final.jar:/Users/envotionsmacbookpro/.m2/repository/jakarta/validation/jakarta.validation-api/3.0.2/jakarta.validation-api-3.0.2.jar:/Users/envotionsmacbookpro/.m2/repository/org/jboss/logging/jboss-logging/3.6.1.Final/jboss-logging-3.6.1.Final.jar:/Users/envotionsmacbookpro/.m2/repository/com/fasterxml/classmate/1.7.0/classmate-1.7.0.jar:/Users/envotionsmacbookpro/.m2/repository/org/springframework/boot/spring-boot-starter-web/3.4.3/spring-boot-starter-web-3.4.3.jar:/Users/envotionsmacbookpro/.m2/repository/org/springframework/boot/spring-boot-starter-json/3.4.3/spring-boot-starter-json-3.4.3.jar:/Users/envotionsmacbookpro/.m2/repository/com/fasterxml/jackson/datatype/jackson-datatype-jdk8/2.18.2/jackson-datatype-jdk8-2.18.2.jar:/Users/envotionsmacbookpro/.m2/repository/com/fasterxml/jackson/module/jackson-module-parameter-names/2.18.2/jackson-module-parameter-names-2.18.2.jar:/Users/envotionsmacbookpro/.m2/repository/org/springframework/boot/spring-boot-starter-tomcat/3.4.3/spring-boot-starter-tomcat-3.4.3.jar:/Users/envotionsmacbookpro/.m2/repository/org/apache/tomcat/embed/tomcat-embed-core/10.1.36/tomcat-embed-core-10.1.36.jar:/Users/envotionsmacbookpro/.m2/repository/org/apache/tomcat/embed/tomcat-embed-websocket/10.1.36/tomcat-embed-websocket-10.1.36.jar:/Users/envotionsmacbookpro/.m2/repository/org/springframework/spring-web/6.2.3/spring-web-6.2.3.jar:/Users/envotionsmacbookpro/.m2/repository/org/springframework/spring-webmvc/6.2.3/spring-webmvc-6.2.3.jar:/Users/envotionsmacbookpro/.m2/repository/org/springframework/spring-aop/6.2.3/spring-aop-6.2.3.jar:/Users/envotionsmacbookpro/.m2/repository/org/springframework/boot/spring-boot-devtools/3.4.3/spring-boot-devtools-3.4.3.jar:/Users/envotionsmacbookpro/.m2/repository/org/springframework/boot/spring-boot/3.4.3/spring-boot-3.4.3.jar:/Users/envotionsmacbookpro/.m2/repository/org/springframework/boot/spring-boot-autoconfigure/3.4.3/spring-boot-autoconfigure-3.4.3.jar:/Users/envotionsmacbookpro/.m2/repository/org/projectlombok/lombok/1.18.36/lombok-1.18.36.jar:/Users/envotionsmacbookpro/.m2/repository/org/springframework/boot/spring-boot-starter-test/3.4.3/spring-boot-starter-test-3.4.3.jar:/Users/envotionsmacbookpro/.m2/repository/org/springframework/boot/spring-boot-test/3.4.3/spring-boot-test-3.4.3.jar:/Users/envotionsmacbookpro/.m2/repository/org/springframework/boot/spring-boot-test-autoconfigure/3.4.3/spring-boot-test-autoconfigure-3.4.3.jar:/Users/envotionsmacbookpro/.m2/repository/com/jayway/jsonpath/json-path/2.9.0/json-path-2.9.0.jar:/Users/envotionsmacbookpro/.m2/repository/jakarta/xml/bind/jakarta.xml.bind-api/4.0.2/jakarta.xml.bind-api-4.0.2.jar:/Users/envotionsmacbookpro/.m2/repository/jakarta/activation/jakarta.activation-api/2.1.3/jakarta.activation-api-2.1.3.jar:/Users/envotionsmacbookpro/.m2/repository/net/minidev/json-smart/2.5.2/json-smart-2.5.2.jar:/Users/envotionsmacbookpro/.m2/repository/net/minidev/accessors-smart/2.5.2/accessors-smart-2.5.2.jar:/Users/envotionsmacbookpro/.m2/repository/org/ow2/asm/asm/9.7.1/asm-9.7.1.jar:/Users/envotionsmacbookpro/.m2/repository/org/assertj/assertj-core/3.26.3/assertj-core-3.26.3.jar:/Users/envotionsmacbookpro/.m2/repository/net/bytebuddy/byte-buddy/1.15.11/byte-buddy-1.15.11.jar:/Users/envotionsmacbookpro/.m2/repository/org/awaitility/awaitility/4.2.2/awaitility-4.2.2.jar:/Users/envotionsmacbookpro/.m2/repository/org/hamcrest/hamcrest/2.2/hamcrest-2.2.jar:/Users/envotionsmacbookpro/.m2/repository/org/junit/jupiter/junit-jupiter/5.11.4/junit-jupiter-5.11.4.jar:/Users/envotionsmacbookpro/.m2/repository/org/junit/jupiter/junit-jupiter-api/5.11.4/junit-jupiter-api-5.11.4.jar:/Users/envotionsmacbookpro/.m2/repository/org/opentest4j/opentest4j/1.3.0/opentest4j-1.3.0.jar:/Users/envotionsmacbookpro/.m2/repository/org/junit/platform/junit-platform-commons/1.11.4/junit-platform-commons-1.11.4.jar:/Users/envotionsmacbookpro/.m2/repository/org/apiguardian/apiguardian-api/1.1.2/apiguardian-api-1.1.2.jar:/Users/envotionsmacbookpro/.m2/repository/org/junit/jupiter/junit-jupiter-params/5.11.4/junit-jupiter-params-5.11.4.jar:/Users/envotionsmacbookpro/.m2/repository/org/junit/jupiter/junit-jupiter-engine/5.11.4/junit-jupiter-engine-5.11.4.jar:/Users/envotionsmacbookpro/.m2/repository/org/junit/platform/junit-platform-engine/1.11.4/junit-platform-engine-1.11.4.jar:/Users/envotionsmacbookpro/.m2/repository/org/mockito/mockito-core/5.14.2/mockito-core-5.14.2.jar:/Users/envotionsmacbookpro/.m2/repository/net/bytebuddy/byte-buddy-agent/1.15.11/byte-buddy-agent-1.15.11.jar:/Users/envotionsmacbookpro/.m2/repository/org/objenesis/objenesis/3.3/objenesis-3.3.jar:/Users/envotionsmacbookpro/.m2/repository/org/mockito/mockito-junit-jupiter/5.14.2/mockito-junit-jupiter-5.14.2.jar:/Users/envotionsmacbookpro/.m2/repository/org/skyscreamer/jsonassert/1.5.3/jsonassert-1.5.3.jar:/Users/envotionsmacbookpro/.m2/repository/com/vaadin/external/google/android-json/0.0.20131108.vaadin1/android-json-0.0.20131108.vaadin1.jar:/Users/envotionsmacbookpro/.m2/repository/org/springframework/spring-core/6.2.3/spring-core-6.2.3.jar:/Users/envotionsmacbookpro/.m2/repository/org/springframework/spring-jcl/6.2.3/spring-jcl-6.2.3.jar:/Users/envotionsmacbookpro/.m2/repository/org/springframework/spring-test/6.2.3/spring-test-6.2.3.jar:/Users/envotionsmacbookpro/.m2/repository/org/xmlunit/xmlunit-core/2.10.0/xmlunit-core-2.10.0.jar:/Users/envotionsmacbookpro/.m2/repository/software/amazon/awssdk/s3/2.20.132/s3-2.20.132.jar:/Users/envotionsmacbookpro/.m2/repository/software/amazon/awssdk/aws-xml-protocol/2.20.132/aws-xml-protocol-2.20.132.jar:/Users/envotionsmacbookpro/.m2/repository/software/amazon/awssdk/aws-query-protocol/2.20.132/aws-query-protocol-2.20.132.jar:/Users/envotionsmacbookpro/.m2/repository/software/amazon/awssdk/protocol-core/2.20.132/protocol-core-2.20.132.jar:/Users/envotionsmacbookpro/.m2/repository/software/amazon/awssdk/arns/2.20.132/arns-2.20.132.jar:/Users/envotionsmacbookpro/.m2/repository/software/amazon/awssdk/profiles/2.20.132/profiles-2.20.132.jar:/Users/envotionsmacbookpro/.m2/repository/software/amazon/awssdk/crt-core/2.20.132/crt-core-2.20.132.jar:/Users/envotionsmacbookpro/.m2/repository/software/amazon/awssdk/sdk-core/2.20.132/sdk-core-2.20.132.jar:/Users/envotionsmacbookpro/.m2/repository/org/reactivestreams/reactive-streams/1.0.4/reactive-streams-1.0.4.jar:/Users/envotionsmacbookpro/.m2/repository/software/amazon/awssdk/auth/2.20.132/auth-2.20.132.jar:/Users/envotionsmacbookpro/.m2/repository/software/amazon/eventstream/eventstream/1.0.1/eventstream-1.0.1.jar:/Users/envotionsmacbookpro/.m2/repository/software/amazon/awssdk/http-client-spi/2.20.132/http-client-spi-2.20.132.jar:/Users/envotionsmacbookpro/.m2/repository/software/amazon/awssdk/regions/2.20.132/regions-2.20.132.jar:/Users/envotionsmacbookpro/.m2/repository/software/amazon/awssdk/annotations/2.20.132/annotations-2.20.132.jar:/Users/envotionsmacbookpro/.m2/repository/software/amazon/awssdk/utils/2.20.132/utils-2.20.132.jar:/Users/envotionsmacbookpro/.m2/repository/software/amazon/awssdk/aws-core/2.20.132/aws-core-2.20.132.jar:/Users/envotionsmacbookpro/.m2/repository/software/amazon/awssdk/metrics-spi/2.20.132/metrics-spi-2.20.132.jar:/Users/envotionsmacbookpro/.m2/repository/software/amazon/awssdk/json-utils/2.20.132/json-utils-2.20.132.jar:/Users/envotionsmacbookpro/.m2/repository/software/amazon/awssdk/third-party-jackson-core/2.20.132/third-party-jackson-core-2.20.132.jar:/Users/envotionsmacbookpro/.m2/repository/software/amazon/awssdk/endpoints-spi/2.20.132/endpoints-spi-2.20.132.jar:/Users/envotionsmacbookpro/.m2/repository/software/amazon/awssdk/apache-client/2.20.132/apache-client-2.20.132.jar:/Users/envotionsmacbookpro/.m2/repository/org/apache/httpcomponents/httpclient/4.5.13/httpclient-4.5.13.jar:/Users/envotionsmacbookpro/.m2/repository/commons-logging/commons-logging/1.2/commons-logging-1.2.jar:/Users/envotionsmacbookpro/.m2/repository/org/apache/httpcomponents/httpcore/4.4.16/httpcore-4.4.16.jar:/Users/envotionsmacbookpro/.m2/repository/commons-codec/commons-codec/1.17.2/commons-codec-1.17.2.jar:/Users/envotionsmacbookpro/.m2/repository/software/amazon/awssdk/netty-nio-client/2.20.132/netty-nio-client-2.20.132.jar:/Users/envotionsmacbookpro/.m2/repository/io/netty/netty-codec-http/4.1.118.Final/netty-codec-http-4.1.118.Final.jar:/Users/envotionsmacbookpro/.m2/repository/io/netty/netty-codec-http2/4.1.118.Final/netty-codec-http2-4.1.118.Final.jar:/Users/envotionsmacbookpro/.m2/repository/io/netty/netty-codec/4.1.118.Final/netty-codec-4.1.118.Final.jar:/Users/envotionsmacbookpro/.m2/repository/io/netty/netty-transport/4.1.118.Final/netty-transport-4.1.118.Final.jar:/Users/envotionsmacbookpro/.m2/repository/io/netty/netty-common/4.1.118.Final/netty-common-4.1.118.Final.jar:/Users/envotionsmacbookpro/.m2/repository/io/netty/netty-buffer/4.1.118.Final/netty-buffer-4.1.118.Final.jar:/Users/envotionsmacbookpro/.m2/repository/io/netty/netty-handler/4.1.118.Final/netty-handler-4.1.118.Final.jar:/Users/envotionsmacbookpro/.m2/repository/io/netty/netty-transport-native-unix-common/4.1.118.Final/netty-transport-native-unix-common-4.1.118.Final.jar:/Users/envotionsmacbookpro/.m2/repository/io/netty/netty-transport-classes-epoll/4.1.118.Final/netty-transport-classes-epoll-4.1.118.Final.jar:/Users/envotionsmacbookpro/.m2/repository/io/netty/netty-resolver/4.1.118.Final/netty-resolver-4.1.118.Final.jar:"/>
    <property name="java.vm.vendor" value="Homebrew"/>
    <property name="sun.arch.data.model" value="64"/>
    <property name="java.vendor.url" value="https://github.com/Homebrew/homebrew-core/issues"/>
    <property name="user.timezone" value="Asia/Kolkata"/>
    <property name="org.jboss.logging.provider" value="slf4j"/>
    <property name="os.name" value="Mac OS X"/>
    <property name="java.vm.specification.version" value="23"/>
    <property name="APPLICATION_NAME" value="foodies-api"/>
    <property name="sun.java.launcher" value="SUN_STANDARD"/>
    <property name="user.country" value="IN"/>
    <property name="sun.boot.library.path" value="/opt/homebrew/Cellar/openjdk/23.0.2/libexec/openjdk.jdk/Contents/Home/lib"/>
    <property name="sun.java.command" value="/Users/envotionsmacbookpro/Documents/Notes/Food-Delivery-API/foodies-api/target/surefire/surefirebooter-20250324141518968_3.jar /Users/envotionsmacbookpro/Documents/Notes/Food-Delivery-API/foodies-api/target/surefire 2025-03-24T14-15-18_928-jvmRun1 surefire-20250324141518968_1tmp surefire_0-20250324141518968_2tmp"/>
    <property name="http.nonProxyHosts" value="local|*.local|169.254/16|*.169.254/16"/>
    <property name="jdk.debug" value="release"/>
    <property name="surefire.test.class.path" value="/Users/envotionsmacbookpro/Documents/Notes/Food-Delivery-API/foodies-api/target/test-classes:/Users/envotionsmacbookpro/Documents/Notes/Food-Delivery-API/foodies-api/target/classes:/Users/envotionsmacbookpro/.m2/repository/org/springframework/boot/spring-boot-starter-actuator/3.4.3/spring-boot-starter-actuator-3.4.3.jar:/Users/envotionsmacbookpro/.m2/repository/org/springframework/boot/spring-boot-starter/3.4.3/spring-boot-starter-3.4.3.jar:/Users/envotionsmacbookpro/.m2/repository/org/springframework/boot/spring-boot-starter-logging/3.4.3/spring-boot-starter-logging-3.4.3.jar:/Users/envotionsmacbookpro/.m2/repository/ch/qos/logback/logback-classic/1.5.16/logback-classic-1.5.16.jar:/Users/envotionsmacbookpro/.m2/repository/ch/qos/logback/logback-core/1.5.16/logback-core-1.5.16.jar:/Users/envotionsmacbookpro/.m2/repository/org/apache/logging/log4j/log4j-to-slf4j/2.24.3/log4j-to-slf4j-2.24.3.jar:/Users/envotionsmacbookpro/.m2/repository/org/apache/logging/log4j/log4j-api/2.24.3/log4j-api-2.24.3.jar:/Users/envotionsmacbookpro/.m2/repository/org/slf4j/jul-to-slf4j/2.0.16/jul-to-slf4j-2.0.16.jar:/Users/envotionsmacbookpro/.m2/repository/jakarta/annotation/jakarta.annotation-api/2.1.1/jakarta.annotation-api-2.1.1.jar:/Users/envotionsmacbookpro/.m2/repository/org/yaml/snakeyaml/2.3/snakeyaml-2.3.jar:/Users/envotionsmacbookpro/.m2/repository/org/springframework/boot/spring-boot-actuator-autoconfigure/3.4.3/spring-boot-actuator-autoconfigure-3.4.3.jar:/Users/envotionsmacbookpro/.m2/repository/org/springframework/boot/spring-boot-actuator/3.4.3/spring-boot-actuator-3.4.3.jar:/Users/envotionsmacbookpro/.m2/repository/com/fasterxml/jackson/core/jackson-databind/2.18.2/jackson-databind-2.18.2.jar:/Users/envotionsmacbookpro/.m2/repository/com/fasterxml/jackson/core/jackson-annotations/2.18.2/jackson-annotations-2.18.2.jar:/Users/envotionsmacbookpro/.m2/repository/com/fasterxml/jackson/core/jackson-core/2.18.2/jackson-core-2.18.2.jar:/Users/envotionsmacbookpro/.m2/repository/com/fasterxml/jackson/datatype/jackson-datatype-jsr310/2.18.2/jackson-datatype-jsr310-2.18.2.jar:/Users/envotionsmacbookpro/.m2/repository/io/micrometer/micrometer-observation/1.14.4/micrometer-observation-1.14.4.jar:/Users/envotionsmacbookpro/.m2/repository/io/micrometer/micrometer-commons/1.14.4/micrometer-commons-1.14.4.jar:/Users/envotionsmacbookpro/.m2/repository/io/micrometer/micrometer-jakarta9/1.14.4/micrometer-jakarta9-1.14.4.jar:/Users/envotionsmacbookpro/.m2/repository/io/micrometer/micrometer-core/1.14.4/micrometer-core-1.14.4.jar:/Users/envotionsmacbookpro/.m2/repository/org/hdrhistogram/HdrHistogram/2.2.2/HdrHistogram-2.2.2.jar:/Users/envotionsmacbookpro/.m2/repository/org/latencyutils/LatencyUtils/2.0.3/LatencyUtils-2.0.3.jar:/Users/envotionsmacbookpro/.m2/repository/org/springframework/boot/spring-boot-starter-data-mongodb/3.4.3/spring-boot-starter-data-mongodb-3.4.3.jar:/Users/envotionsmacbookpro/.m2/repository/org/mongodb/mongodb-driver-sync/5.2.1/mongodb-driver-sync-5.2.1.jar:/Users/envotionsmacbookpro/.m2/repository/org/mongodb/bson/5.2.1/bson-5.2.1.jar:/Users/envotionsmacbookpro/.m2/repository/org/mongodb/mongodb-driver-core/5.2.1/mongodb-driver-core-5.2.1.jar:/Users/envotionsmacbookpro/.m2/repository/org/mongodb/bson-record-codec/5.2.1/bson-record-codec-5.2.1.jar:/Users/envotionsmacbookpro/.m2/repository/org/springframework/data/spring-data-mongodb/4.4.3/spring-data-mongodb-4.4.3.jar:/Users/envotionsmacbookpro/.m2/repository/org/springframework/spring-tx/6.2.3/spring-tx-6.2.3.jar:/Users/envotionsmacbookpro/.m2/repository/org/springframework/spring-context/6.2.3/spring-context-6.2.3.jar:/Users/envotionsmacbookpro/.m2/repository/org/springframework/spring-beans/6.2.3/spring-beans-6.2.3.jar:/Users/envotionsmacbookpro/.m2/repository/org/springframework/spring-expression/6.2.3/spring-expression-6.2.3.jar:/Users/envotionsmacbookpro/.m2/repository/org/springframework/data/spring-data-commons/3.4.3/spring-data-commons-3.4.3.jar:/Users/envotionsmacbookpro/.m2/repository/org/slf4j/slf4j-api/2.0.16/slf4j-api-2.0.16.jar:/Users/envotionsmacbookpro/.m2/repository/org/springframework/boot/spring-boot-starter-validation/3.4.3/spring-boot-starter-validation-3.4.3.jar:/Users/envotionsmacbookpro/.m2/repository/org/apache/tomcat/embed/tomcat-embed-el/10.1.36/tomcat-embed-el-10.1.36.jar:/Users/envotionsmacbookpro/.m2/repository/org/hibernate/validator/hibernate-validator/8.0.2.Final/hibernate-validator-8.0.2.Final.jar:/Users/envotionsmacbookpro/.m2/repository/jakarta/validation/jakarta.validation-api/3.0.2/jakarta.validation-api-3.0.2.jar:/Users/envotionsmacbookpro/.m2/repository/org/jboss/logging/jboss-logging/3.6.1.Final/jboss-logging-3.6.1.Final.jar:/Users/envotionsmacbookpro/.m2/repository/com/fasterxml/classmate/1.7.0/classmate-1.7.0.jar:/Users/envotionsmacbookpro/.m2/repository/org/springframework/boot/spring-boot-starter-web/3.4.3/spring-boot-starter-web-3.4.3.jar:/Users/envotionsmacbookpro/.m2/repository/org/springframework/boot/spring-boot-starter-json/3.4.3/spring-boot-starter-json-3.4.3.jar:/Users/envotionsmacbookpro/.m2/repository/com/fasterxml/jackson/datatype/jackson-datatype-jdk8/2.18.2/jackson-datatype-jdk8-2.18.2.jar:/Users/envotionsmacbookpro/.m2/repository/com/fasterxml/jackson/module/jackson-module-parameter-names/2.18.2/jackson-module-parameter-names-2.18.2.jar:/Users/envotionsmacbookpro/.m2/repository/org/springframework/boot/spring-boot-starter-tomcat/3.4.3/spring-boot-starter-tomcat-3.4.3.jar:/Users/envotionsmacbookpro/.m2/repository/org/apache/tomcat/embed/tomcat-embed-core/10.1.36/tomcat-embed-core-10.1.36.jar:/Users/envotionsmacbookpro/.m2/repository/org/apache/tomcat/embed/tomcat-embed-websocket/10.1.36/tomcat-embed-websocket-10.1.36.jar:/Users/envotionsmacbookpro/.m2/repository/org/springframework/spring-web/6.2.3/spring-web-6.2.3.jar:/Users/envotionsmacbookpro/.m2/repository/org/springframework/spring-webmvc/6.2.3/spring-webmvc-6.2.3.jar:/Users/envotionsmacbookpro/.m2/repository/org/springframework/spring-aop/6.2.3/spring-aop-6.2.3.jar:/Users/envotionsmacbookpro/.m2/repository/org/springframework/boot/spring-boot-devtools/3.4.3/spring-boot-devtools-3.4.3.jar:/Users/envotionsmacbookpro/.m2/repository/org/springframework/boot/spring-boot/3.4.3/spring-boot-3.4.3.jar:/Users/envotionsmacbookpro/.m2/repository/org/springframework/boot/spring-boot-autoconfigure/3.4.3/spring-boot-autoconfigure-3.4.3.jar:/Users/envotionsmacbookpro/.m2/repository/org/projectlombok/lombok/1.18.36/lombok-1.18.36.jar:/Users/envotionsmacbookpro/.m2/repository/org/springframework/boot/spring-boot-starter-test/3.4.3/spring-boot-starter-test-3.4.3.jar:/Users/envotionsmacbookpro/.m2/repository/org/springframework/boot/spring-boot-test/3.4.3/spring-boot-test-3.4.3.jar:/Users/envotionsmacbookpro/.m2/repository/org/springframework/boot/spring-boot-test-autoconfigure/3.4.3/spring-boot-test-autoconfigure-3.4.3.jar:/Users/envotionsmacbookpro/.m2/repository/com/jayway/jsonpath/json-path/2.9.0/json-path-2.9.0.jar:/Users/envotionsmacbookpro/.m2/repository/jakarta/xml/bind/jakarta.xml.bind-api/4.0.2/jakarta.xml.bind-api-4.0.2.jar:/Users/envotionsmacbookpro/.m2/repository/jakarta/activation/jakarta.activation-api/2.1.3/jakarta.activation-api-2.1.3.jar:/Users/envotionsmacbookpro/.m2/repository/net/minidev/json-smart/2.5.2/json-smart-2.5.2.jar:/Users/envotionsmacbookpro/.m2/repository/net/minidev/accessors-smart/2.5.2/accessors-smart-2.5.2.jar:/Users/envotionsmacbookpro/.m2/repository/org/ow2/asm/asm/9.7.1/asm-9.7.1.jar:/Users/envotionsmacbookpro/.m2/repository/org/assertj/assertj-core/3.26.3/assertj-core-3.26.3.jar:/Users/envotionsmacbookpro/.m2/repository/net/bytebuddy/byte-buddy/1.15.11/byte-buddy-1.15.11.jar:/Users/envotionsmacbookpro/.m2/repository/org/awaitility/awaitility/4.2.2/awaitility-4.2.2.jar:/Users/envotionsmacbookpro/.m2/repository/org/hamcrest/hamcrest/2.2/hamcrest-2.2.jar:/Users/envotionsmacbookpro/.m2/repository/org/junit/jupiter/junit-jupiter/5.11.4/junit-jupiter-5.11.4.jar:/Users/envotionsmacbookpro/.m2/repository/org/junit/jupiter/junit-jupiter-api/5.11.4/junit-jupiter-api-5.11.4.jar:/Users/envotionsmacbookpro/.m2/repository/org/opentest4j/opentest4j/1.3.0/opentest4j-1.3.0.jar:/Users/envotionsmacbookpro/.m2/repository/org/junit/platform/junit-platform-commons/1.11.4/junit-platform-commons-1.11.4.jar:/Users/envotionsmacbookpro/.m2/repository/org/apiguardian/apiguardian-api/1.1.2/apiguardian-api-1.1.2.jar:/Users/envotionsmacbookpro/.m2/repository/org/junit/jupiter/junit-jupiter-params/5.11.4/junit-jupiter-params-5.11.4.jar:/Users/envotionsmacbookpro/.m2/repository/org/junit/jupiter/junit-jupiter-engine/5.11.4/junit-jupiter-engine-5.11.4.jar:/Users/envotionsmacbookpro/.m2/repository/org/junit/platform/junit-platform-engine/1.11.4/junit-platform-engine-1.11.4.jar:/Users/envotionsmacbookpro/.m2/repository/org/mockito/mockito-core/5.14.2/mockito-core-5.14.2.jar:/Users/envotionsmacbookpro/.m2/repository/net/bytebuddy/byte-buddy-agent/1.15.11/byte-buddy-agent-1.15.11.jar:/Users/envotionsmacbookpro/.m2/repository/org/objenesis/objenesis/3.3/objenesis-3.3.jar:/Users/envotionsmacbookpro/.m2/repository/org/mockito/mockito-junit-jupiter/5.14.2/mockito-junit-jupiter-5.14.2.jar:/Users/envotionsmacbookpro/.m2/repository/org/skyscreamer/jsonassert/1.5.3/jsonassert-1.5.3.jar:/Users/envotionsmacbookpro/.m2/repository/com/vaadin/external/google/android-json/0.0.20131108.vaadin1/android-json-0.0.20131108.vaadin1.jar:/Users/envotionsmacbookpro/.m2/repository/org/springframework/spring-core/6.2.3/spring-core-6.2.3.jar:/Users/envotionsmacbookpro/.m2/repository/org/springframework/spring-jcl/6.2.3/spring-jcl-6.2.3.jar:/Users/envotionsmacbookpro/.m2/repository/org/springframework/spring-test/6.2.3/spring-test-6.2.3.jar:/Users/envotionsmacbookpro/.m2/repository/org/xmlunit/xmlunit-core/2.10.0/xmlunit-core-2.10.0.jar:/Users/envotionsmacbookpro/.m2/repository/software/amazon/awssdk/s3/2.20.132/s3-2.20.132.jar:/Users/envotionsmacbookpro/.m2/repository/software/amazon/awssdk/aws-xml-protocol/2.20.132/aws-xml-protocol-2.20.132.jar:/Users/envotionsmacbookpro/.m2/repository/software/amazon/awssdk/aws-query-protocol/2.20.132/aws-query-protocol-2.20.132.jar:/Users/envotionsmacbookpro/.m2/repository/software/amazon/awssdk/protocol-core/2.20.132/protocol-core-2.20.132.jar:/Users/envotionsmacbookpro/.m2/repository/software/amazon/awssdk/arns/2.20.132/arns-2.20.132.jar:/Users/envotionsmacbookpro/.m2/repository/software/amazon/awssdk/profiles/2.20.132/profiles-2.20.132.jar:/Users/envotionsmacbookpro/.m2/repository/software/amazon/awssdk/crt-core/2.20.132/crt-core-2.20.132.jar:/Users/envotionsmacbookpro/.m2/repository/software/amazon/awssdk/sdk-core/2.20.132/sdk-core-2.20.132.jar:/Users/envotionsmacbookpro/.m2/repository/org/reactivestreams/reactive-streams/1.0.4/reactive-streams-1.0.4.jar:/Users/envotionsmacbookpro/.m2/repository/software/amazon/awssdk/auth/2.20.132/auth-2.20.132.jar:/Users/envotionsmacbookpro/.m2/repository/software/amazon/eventstream/eventstream/1.0.1/eventstream-1.0.1.jar:/Users/envotionsmacbookpro/.m2/repository/software/amazon/awssdk/http-client-spi/2.20.132/http-client-spi-2.20.132.jar:/Users/envotionsmacbookpro/.m2/repository/software/amazon/awssdk/regions/2.20.132/regions-2.20.132.jar:/Users/envotionsmacbookpro/.m2/repository/software/amazon/awssdk/annotations/2.20.132/annotations-2.20.132.jar:/Users/envotionsmacbookpro/.m2/repository/software/amazon/awssdk/utils/2.20.132/utils-2.20.132.jar:/Users/envotionsmacbookpro/.m2/repository/software/amazon/awssdk/aws-core/2.20.132/aws-core-2.20.132.jar:/Users/envotionsmacbookpro/.m2/repository/software/amazon/awssdk/metrics-spi/2.20.132/metrics-spi-2.20.132.jar:/Users/envotionsmacbookpro/.m2/repository/software/amazon/awssdk/json-utils/2.20.132/json-utils-2.20.132.jar:/Users/envotionsmacbookpro/.m2/repository/software/amazon/awssdk/third-party-jackson-core/2.20.132/third-party-jackson-core-2.20.132.jar:/Users/envotionsmacbookpro/.m2/repository/software/amazon/awssdk/endpoints-spi/2.20.132/endpoints-spi-2.20.132.jar:/Users/envotionsmacbookpro/.m2/repository/software/amazon/awssdk/apache-client/2.20.132/apache-client-2.20.132.jar:/Users/envotionsmacbookpro/.m2/repository/org/apache/httpcomponents/httpclient/4.5.13/httpclient-4.5.13.jar:/Users/envotionsmacbookpro/.m2/repository/commons-logging/commons-logging/1.2/commons-logging-1.2.jar:/Users/envotionsmacbookpro/.m2/repository/org/apache/httpcomponents/httpcore/4.4.16/httpcore-4.4.16.jar:/Users/envotionsmacbookpro/.m2/repository/commons-codec/commons-codec/1.17.2/commons-codec-1.17.2.jar:/Users/envotionsmacbookpro/.m2/repository/software/amazon/awssdk/netty-nio-client/2.20.132/netty-nio-client-2.20.132.jar:/Users/envotionsmacbookpro/.m2/repository/io/netty/netty-codec-http/4.1.118.Final/netty-codec-http-4.1.118.Final.jar:/Users/envotionsmacbookpro/.m2/repository/io/netty/netty-codec-http2/4.1.118.Final/netty-codec-http2-4.1.118.Final.jar:/Users/envotionsmacbookpro/.m2/repository/io/netty/netty-codec/4.1.118.Final/netty-codec-4.1.118.Final.jar:/Users/envotionsmacbookpro/.m2/repository/io/netty/netty-transport/4.1.118.Final/netty-transport-4.1.118.Final.jar:/Users/envotionsmacbookpro/.m2/repository/io/netty/netty-common/4.1.118.Final/netty-common-4.1.118.Final.jar:/Users/envotionsmacbookpro/.m2/repository/io/netty/netty-buffer/4.1.118.Final/netty-buffer-4.1.118.Final.jar:/Users/envotionsmacbookpro/.m2/repository/io/netty/netty-handler/4.1.118.Final/netty-handler-4.1.118.Final.jar:/Users/envotionsmacbookpro/.m2/repository/io/netty/netty-transport-native-unix-common/4.1.118.Final/netty-transport-native-unix-common-4.1.118.Final.jar:/Users/envotionsmacbookpro/.m2/repository/io/netty/netty-transport-classes-epoll/4.1.118.Final/netty-transport-classes-epoll-4.1.118.Final.jar:/Users/envotionsmacbookpro/.m2/repository/io/netty/netty-resolver/4.1.118.Final/netty-resolver-4.1.118.Final.jar:"/>
    <property name="sun.cpu.endian" value="little"/>
    <property name="user.home" value="/Users/envotionsmacbookpro"/>
    <property name="user.language" value="en"/>
    <property name="java.specification.vendor" value="Oracle Corporation"/>
    <property name="java.version.date" value="2025-01-21"/>
    <property name="java.home" value="/opt/homebrew/Cellar/openjdk/23.0.2/libexec/openjdk.jdk/Contents/Home"/>
    <property name="file.separator" value="/"/>
    <property name="basedir" value="/Users/envotionsmacbookpro/Documents/Notes/Food-Delivery-API/foodies-api"/>
    <property name="java.vm.compressedOopsMode" value="Zero based"/>
    <property name="line.separator" value="&#10;"/>
    <property name="java.vm.specification.vendor" value="Oracle Corporation"/>
    <property name="java.specification.name" value="Java Platform API Specification"/>
    <property name="FILE_LOG_CHARSET" value="UTF-8"/>
    <property name="java.awt.headless" value="true"/>
    <property name="apple.awt.application.name" value="ForkedBooter"/>
    <property name="surefire.real.class.path" value="/Users/envotionsmacbookpro/Documents/Notes/Food-Delivery-API/foodies-api/target/surefire/surefirebooter-20250324141518968_3.jar"/>
    <property name="sun.management.compiler" value="HotSpot 64-Bit Tiered Compilers"/>
    <property name="ftp.nonProxyHosts" value="local|*.local|169.254/16|*.169.254/16"/>
    <property name="java.runtime.version" value="23.0.2"/>
    <property name="user.name" value="envotionsmacbookpro"/>
    <property name="stdout.encoding" value="UTF-8"/>
    <property name="path.separator" value=":"/>
    <property name="os.version" value="15.3.2"/>
    <property name="java.runtime.name" value="OpenJDK Runtime Environment"/>
    <property name="file.encoding" value="UTF-8"/>
    <property name="java.vm.name" value="OpenJDK 64-Bit Server VM"/>
    <property name="java.vendor.version" value="Homebrew"/>
    <property name="localRepository" value="/Users/envotionsmacbookpro/.m2/repository"/>
    <property name="java.vendor.url.bug" value="https://github.com/Homebrew/homebrew-core/issues"/>
    <property name="java.io.tmpdir" value="/var/folders/84/62nff51n7dj3vndmst53gqn40000gq/T/"/>
    <property name="idea.version" value="2024.3.5"/>
    <property name="java.version" value="23.0.2"/>
    <property name="user.dir" value="/Users/envotionsmacbookpro/Documents/Notes/Food-Delivery-API/foodies-api"/>
    <property name="os.arch" value="aarch64"/>
    <property name="java.vm.specification.name" value="Java Virtual Machine Specification"/>
    <property name="PID" value="35161"/>
    <property name="CONSOLE_LOG_CHARSET" value="UTF-8"/>
    <property name="native.encoding" value="UTF-8"/>
    <property name="java.library.path" value="/Users/envotionsmacbookpro/Library/Java/Extensions:/Library/Java/Extensions:/Network/Library/Java/Extensions:/System/Library/Java/Extensions:/usr/lib/java:."/>
    <property name="java.vm.info" value="mixed mode, sharing"/>
    <property name="stderr.encoding" value="UTF-8"/>
    <property name="java.vendor" value="Homebrew"/>
    <property name="java.vm.version" value="23.0.2"/>
    <property name="sun.io.unicode.encoding" value="UnicodeBig"/>
    <property name="socksNonProxyHosts" value="local|*.local|169.254/16|*.169.254/16"/>
    <property name="java.class.version" value="67.0"/>
    <property name="LOGGED_APPLICATION_NAME" value="[foodies-api] "/>
  </properties>
  <testcase name="contextLoads" classname="com.food.delivery.FoodiesApiApplicationTests" time="0.41">
    <system-out><![CDATA[14:15:19.364 [main] INFO org.springframework.test.context.support.AnnotationConfigContextLoaderUtils -- Could not detect default configuration classes for test class [com.food.delivery.FoodiesApiApplicationTests]: FoodiesApiApplicationTests does not declare any static, non-private, non-final, nested classes annotated with @Configuration.
14:15:19.414 [main] INFO org.springframework.boot.test.context.SpringBootTestContextBootstrapper -- Found @SpringBootConfiguration com.food.delivery.FoodiesApiApplication for test class com.food.delivery.FoodiesApiApplicationTests
14:15:19.480 [main] INFO org.springframework.boot.devtools.restart.RestartApplicationListener -- Restart disabled due to context in which it is running

  .   ____          _            __ _ _
 /\\ / ___'_ __ _ _(_)_ __  __ _ \ \ \ \
( ( )\___ | '_ | '_| | '_ \/ _` | \ \ \ \
 \\/  ___)| |_)| | | | | || (_| |  ) ) ) )
  '  |____| .__|_| |_|_| |_\__, | / / / /
 =========|_|==============|___/=/_/_/_/

 :: Spring Boot ::                (v3.4.3)

2025-03-24T14:15:19.596+05:30  INFO 35161 --- [foodies-api] [           main] c.f.delivery.FoodiesApiApplicationTests  : Starting FoodiesApiApplicationTests using Java 23.0.2 with PID 35161 (started by envotionsmacbookpro in /Users/envotionsmacbookpro/Documents/Notes/Food-Delivery-API/foodies-api)
2025-03-24T14:15:19.597+05:30  INFO 35161 --- [foodies-api] [           main] c.f.delivery.FoodiesApiApplicationTests  : No active profile set, falling back to 1 default profile: "default"
2025-03-24T14:15:19.982+05:30  INFO 35161 --- [foodies-api] [           main] .s.d.r.c.RepositoryConfigurationDelegate : Bootstrapping Spring Data MongoDB repositories in DEFAULT mode.
2025-03-24T14:15:20.010+05:30  INFO 35161 --- [foodies-api] [           main] .s.d.r.c.RepositoryConfigurationDelegate : Finished Spring Data repository scanning in 24 ms. Found 1 MongoDB repository interface.
2025-03-24T14:15:20.440+05:30  INFO 35161 --- [foodies-api] [           main] org.mongodb.driver.client                : MongoClient with metadata {"driver": {"name": "mongo-java-driver|sync|spring-boot", "version": "5.2.1"}, "os": {"type": "Darwin", "name": "Mac OS X", "architecture": "aarch64", "version": "15.3.2"}, "platform": "Java/Homebrew/23.0.2"} created with settings MongoClientSettings{readPreference=primary, writeConcern=WriteConcern{w=null, wTimeout=null ms, journal=null}, retryWrites=true, retryReads=true, readConcern=ReadConcern{level=null}, credential=null, transportSettings=null, commandListeners=[io.micrometer.core.instrument.binder.mongodb.MongoMetricsCommandListener@334b392d], codecRegistry=ProvidersCodecRegistry{codecProviders=[ValueCodecProvider{}, BsonValueCodecProvider{}, DBRefCodecProvider{}, DBObjectCodecProvider{}, DocumentCodecProvider{}, CollectionCodecProvider{}, IterableCodecProvider{}, MapCodecProvider{}, GeoJsonCodecProvider{}, GridFSFileCodecProvider{}, Jsr310CodecProvider{}, JsonObjectCodecProvider{}, BsonCodecProvider{}, EnumCodecProvider{}, com.mongodb.client.model.mql.ExpressionCodecProvider@59f7c106, com.mongodb.Jep395RecordCodecProvider@136fece2, com.mongodb.KotlinCodecProvider@56478522]}, loggerSettings=LoggerSettings{maxDocumentLength=1000}, clusterSettings={hosts=[localhost:27017], srvServiceName=mongodb, mode=SINGLE, requiredClusterType=UNKNOWN, requiredReplicaSetName='null', serverSelector='null', clusterListeners='[]', serverSelectionTimeout='30000 ms', localThreshold='15 ms'}, socketSettings=SocketSettings{connectTimeoutMS=10000, readTimeoutMS=0, receiveBufferSize=0, proxySettings=ProxySettings{host=null, port=null, username=null, password=null}}, heartbeatSocketSettings=SocketSettings{connectTimeoutMS=10000, readTimeoutMS=10000, receiveBufferSize=0, proxySettings=ProxySettings{host=null, port=null, username=null, password=null}}, connectionPoolSettings=ConnectionPoolSettings{maxSize=100, minSize=0, maxWaitTimeMS=120000, maxConnectionLifeTimeMS=0, maxConnectionIdleTimeMS=0, maintenanceInitialDelayMS=0, maintenanceFrequencyMS=60000, connectionPoolListeners=[io.micrometer.core.instrument.binder.mongodb.MongoMetricsConnectionPoolListener@3caf5c96], maxConnecting=2}, serverSettings=ServerSettings{heartbeatFrequencyMS=10000, minHeartbeatFrequencyMS=500, serverMonitoringMode=AUTO, serverListeners='[]', serverMonitorListeners='[]'}, sslSettings=SslSettings{enabled=false, invalidHostNameAllowed=false, context=null}, applicationName='null', compressorList=[], uuidRepresentation=JAVA_LEGACY, serverApi=null, autoEncryptionSettings=null, dnsClient=null, inetAddressResolver=null, contextProvider=null, timeoutMS=null}
2025-03-24T14:15:20.488+05:30  INFO 35161 --- [foodies-api] [localhost:27017] org.mongodb.driver.cluster               : Monitor thread successfully connected to server with description ServerDescription{address=localhost:27017, type=STANDALONE, cryptd=false, state=CONNECTED, ok=true, minWireVersion=0, maxWireVersion=25, maxDocumentSize=16777216, logicalSessionTimeoutMinutes=30, roundTripTimeNanos=35234167, minRoundTripTimeNanos=0}
2025-03-24T14:15:20.769+05:30  INFO 35161 --- [foodies-api] [           main] o.s.b.a.e.web.EndpointLinksResolver      : Exposing 1 endpoint beneath base path '/actuator'
2025-03-24T14:15:20.800+05:30  INFO 35161 --- [foodies-api] [           main] c.f.delivery.FoodiesApiApplicationTests  : Started FoodiesApiApplicationTests in 1.324 seconds (process running for 1.766)
]]></system-out>
    <system-err><![CDATA[Mockito is currently self-attaching to enable the inline-mock-maker. This will no longer work in future releases of the JDK. Please add Mockito as an agent to your build what is described in Mockito's documentation: https://javadoc.io/doc/org.mockito/mockito-core/latest/org/mockito/Mockito.html#0.3
WARNING: A Java agent has been loaded dynamically (/Users/envotionsmacbookpro/.m2/repository/net/bytebuddy/byte-buddy-agent/1.15.11/byte-buddy-agent-1.15.11.jar)
WARNING: If a serviceability tool is in use, please run with -XX:+EnableDynamicAgentLoading to hide this warning
WARNING: If a serviceability tool is not in use, please run with -Djdk.instrument.traceUsage for more information
WARNING: Dynamic loading of agents will be disallowed by default in a future release
]]></system-err>
  </testcase>
</testsuite>